{"name": "test_logout_functionality", "status": "failed", "statusDetails": {"message": "AssertionError: assert '/login' in 'chrome-error://chromewebdata/'\n +  where 'chrome-error://chromewebdata/' = <Page url='chrome-error://chromewebdata/'>.url", "trace": "tests\\ui\\test_dashboard.py:28: in test_logout_functionality\n    assert \"/login\" in authenticated_page.url\nE   AssertionError: assert '/login' in 'chrome-error://chromewebdata/'\nE    +  where 'chrome-error://chromewebdata/' = <Page url='chrome-error://chromewebdata/'>.url"}, "description": "Test logout functionality.", "attachments": [{"name": "log", "source": "210a4b29-b9b4-4b9d-8f27-16ec368a7ba5-attachment.txt", "type": "text/plain"}, {"name": "stderr", "source": "99886f57-e4f4-4ac2-8021-30cce7e7c820-attachment.txt", "type": "text/plain"}], "start": 1771602178955, "stop": 1771602188252, "uuid": "ce9f7ad1-b0a2-4e7c-88b0-4e72e3b6f2ff", "historyId": "db18af5832ad4c5ab8caa1e6d73d2e16", "testCaseId": "db18af5832ad4c5ab8caa1e6d73d2e16", "fullName": "tests.ui.test_dashboard.TestDashboard#test_logout_functionality", "labels": [{"name": "tag", "value": "asyncio"}, {"name": "tag", "value": "ui"}, {"name": "parentSuite", "value": "tests.ui"}, {"name": "suite", "value": "test_dashboard"}, {"name": "subSuite", "value": "TestDashboard"}, {"name": "host", "value": "Nimbalkars"}, {"name": "thread", "value": "32536-MainThread"}, {"name": "framework", "value": "pytest"}, {"name": "language", "value": "cpython3"}, {"name": "package", "value": "tests.ui.test_dashboard"}]}